<?xml version="1.0" encoding="UTF-8"?>
<!-- Generated by org.testng.reporters.JUnitReportReporter -->
<testsuite hostname="LAPTOP-5URF67FJ" failures="0" tests="1" name="testCases.TC005_ChangePassword" time="4.651" errors="0" timestamp="2025-02-13T04:58:33 IST" skipped="0">
  <testcase classname="testCases.TC005_ChangePassword" name="changePassword" time="4.651"/>
</testsuite> <!-- testCases.TC005_ChangePassword -->
