<?xml version="1.0" encoding="UTF-8"?>
<!-- Generated by org.testng.reporters.JUnitReportReporter -->
<testsuite hostname="LAPTOP-5URF67FJ" failures="0" tests="1" name="testCases.TC004_LogOut" time="3.676" errors="0" timestamp="2025-02-13T05:09:19 IST" skipped="0">
  <testcase classname="testCases.TC004_LogOut" name="logOutTest" time="3.676"/>
</testsuite> <!-- testCases.TC004_LogOut -->
