<?xml version="1.0" encoding="UTF-8"?>
<!-- Generated by org.testng.reporters.JUnitReportReporter -->
<testsuite hostname="LAPTOP-5URF67FJ" failures="0" tests="1" name="testBase.TC001_AccountRegistrationTest" time="2.872" errors="0" timestamp="2025-01-17T07:56:57 IST" skipped="0">
  <testcase classname="testBase.TC001_AccountRegistrationTest" name="verify_account_registration" time="2.872"/>
</testsuite> <!-- testBase.TC001_AccountRegistrationTest -->
