<?xml version="1.0" encoding="UTF-8"?>
<!-- Generated by org.testng.reporters.JUnitReportReporter -->
<testsuite hostname="LAPTOP-5URF67FJ" failures="0" tests="3" name="testCases.TC002_LoginTest" time="8.417" errors="0" timestamp="2025-01-25T01:00:39 IST" skipped="0">
  <testcase classname="testCases.TC002_LoginTest" name="verify_login" time="2.923"/>
  <testcase classname="testCases.TC002_LoginTest" name="verify_login" time="2.625"/>
  <testcase classname="testCases.TC002_LoginTest" name="verify_login" time="2.869"/>
</testsuite> <!-- testCases.TC002_LoginTest -->
