<?xml version="1.0" encoding="UTF-8"?>
<!-- Generated by org.testng.reporters.JUnitReportReporter -->
<testsuite hostname="LAPTOP-5URF67FJ" failures="0" tests="1" name="testCases.TC006_EditPersonalDetails" time="4.852" errors="0" timestamp="2025-02-13T22:34:26 IST" skipped="0">
  <testcase classname="testCases.TC006_EditPersonalDetails" name="editAccountInformation" time="4.852"/>
</testsuite> <!-- testCases.TC006_EditPersonalDetails -->
