<?xml version="1.0" encoding="UTF-8"?>
<!-- Generated by org.testng.reporters.JUnitReportReporter -->
<testsuite hostname="LAPTOP-5URF67FJ" failures="0" tests="3" name="testCases.TC002_LoginTest" time="8.131" errors="0" timestamp="2025-01-26T08:19:58 IST" skipped="0">
  <testcase classname="testCases.TC002_LoginTest" name="verify_login" time="2.577"/>
  <testcase classname="testCases.TC002_LoginTest" name="verify_login" time="2.638"/>
  <testcase classname="testCases.TC002_LoginTest" name="verify_login" time="2.916"/>
</testsuite> <!-- testCases.TC002_LoginTest -->
