<?xml version="1.0" encoding="UTF-8"?>
<!-- Generated by org.testng.reporters.JUnitReportReporter -->
<testsuite hostname="LAPTOP-5URF67FJ" failures="0" tests="3" name="testCases.TC002_LoginTest" time="8.857" errors="0" timestamp="2025-01-25T02:07:21 IST" skipped="0">
  <testcase classname="testCases.TC002_LoginTest" name="verify_login" time="3.405"/>
  <testcase classname="testCases.TC002_LoginTest" name="verify_login" time="2.526"/>
  <testcase classname="testCases.TC002_LoginTest" name="verify_login" time="2.926"/>
</testsuite> <!-- testCases.TC002_LoginTest -->
